<?xml version="1.0" encoding="UTF-8"?>
<!-- Generated by org.testng.reporters.JUnitXMLReporter -->
<testsuite ignored="0" hostname="DESKTOP-ROILG6T" failures="1" tests="5" name="Test" time="36.701" errors="0" timestamp="2023-08-29T14:38:54 IST">
  <testcase classname="SeleniumPOM.Assign.PageObjectModel.NewTest" name="verifyRegister" time="10.758"/>
  <testcase classname="SeleniumPOM.Assign.PageObjectModel.NewTest" name="verifyRegister" time="3.538">
    <failure type="java.lang.AssertionError" message="expected [true] but found [false]">
      <![CDATA[java.lang.AssertionError: expected [true] but found [false]
at SeleniumPOM.Assign.PageObjectModel.NewTest.verifyRegister(NewTest.java:135)
at java.base/java.util.ArrayList.forEach(ArrayList.java:1511)
... Removed 32 stack frames]]>
    </failure>
  </testcase> <!-- verifyRegister -->
  <testcase classname="SeleniumPOM.Assign.PageObjectModel.NewTest" name="verifyRegister" time="5.372"/>
  <testcase classname="SeleniumPOM.Assign.PageObjectModel.NewTest" name="verifyRegister" time="5.476"/>
  <testcase classname="SeleniumPOM.Assign.PageObjectModel.NewTest" name="loginTest" time="9.033"/>
</testsuite> <!-- Test -->
